2022-03-12 12:44:09.136  INFO 9192 --- [main] com.example.demojpa.DemoJpaApplication   : Starting DemoJpaApplication using Java 17.0.1 on DESKTOP-SCTE8K8 with PID 9192 (C:\Users\Arty\IdeaProjects\project\target\classes started by Arty in C:\Users\Arty\IdeaProjects\project)
2022-03-12 12:44:09.140  INFO 9192 --- [main] com.example.demojpa.DemoJpaApplication   : No active profile set, falling back to default profiles: default
2022-03-12 12:44:09.751  INFO 9192 --- [main] .s.d.r.c.RepositoryConfigurationDelegate : Bootstrapping Spring Data JPA repositories in DEFAULT mode.
2022-03-12 12:44:09.797  INFO 9192 --- [main] .s.d.r.c.RepositoryConfigurationDelegate : Finished Spring Data repository scanning in 40 ms. Found 3 JPA repository interfaces.
2022-03-12 12:44:10.233  INFO 9192 --- [main] o.s.b.w.embedded.tomcat.TomcatWebServer  : Tomcat initialized with port(s): 8086 (http)
2022-03-12 12:44:10.241  INFO 9192 --- [main] o.apache.catalina.core.StandardService   : Starting service [Tomcat]
2022-03-12 12:44:10.241  INFO 9192 --- [main] org.apache.catalina.core.StandardEngine  : Starting Servlet engine: [Apache Tomcat/9.0.56]
2022-03-12 12:44:10.338  INFO 9192 --- [main] o.a.c.c.C.[Tomcat].[localhost].[/]       : Initializing Spring embedded WebApplicationContext
2022-03-12 12:44:10.338  INFO 9192 --- [main] w.s.c.ServletWebServerApplicationContext : Root WebApplicationContext: initialization completed in 1156 ms
2022-03-12 12:44:10.416  INFO 9192 --- [main] com.zaxxer.hikari.HikariDataSource       : HikariPool-1 - Starting...
2022-03-12 12:44:10.568  INFO 9192 --- [main] com.zaxxer.hikari.HikariDataSource       : HikariPool-1 - Start completed.
2022-03-12 12:44:10.596  INFO 9192 --- [main] o.hibernate.jpa.internal.util.LogHelper  : HHH000204: Processing PersistenceUnitInfo [name: default]
2022-03-12 12:44:10.632  INFO 9192 --- [main] org.hibernate.Version                    : HHH000412: Hibernate ORM core version 5.6.3.Final
2022-03-12 12:44:10.739  INFO 9192 --- [main] o.hibernate.annotations.common.Version   : HCANN000001: Hibernate Commons Annotations {5.1.2.Final}
2022-03-12 12:44:10.818  INFO 9192 --- [main] org.hibernate.dialect.Dialect            : HHH000400: Using dialect: org.hibernate.dialect.PostgreSQL10Dialect
2022-03-12 12:44:11.405  INFO 9192 --- [main] o.h.e.t.j.p.i.JtaPlatformInitiator       : HHH000490: Using JtaPlatform implementation: [org.hibernate.engine.transaction.jta.platform.internal.NoJtaPlatform]
2022-03-12 12:44:11.410  INFO 9192 --- [main] j.LocalContainerEntityManagerFactoryBean : Initialized JPA EntityManagerFactory for persistence unit 'default'
2022-03-12 12:44:11.748  WARN 9192 --- [main] JpaBaseConfiguration$JpaWebConfiguration : spring.jpa.open-in-view is enabled by default. Therefore, database queries may be performed during view rendering. Explicitly configure spring.jpa.open-in-view to disable this warning
2022-03-12 12:44:11.910  WARN 9192 --- [main] ion$DefaultTemplateResolverConfiguration : Cannot find template location: classpath:/templates/ (please add some templates or check your Thymeleaf configuration)
2022-03-12 12:44:12.014  INFO 9192 --- [main] o.s.b.w.embedded.tomcat.TomcatWebServer  : Tomcat started on port(s): 8086 (http) with context path ''
2022-03-12 12:44:12.020  INFO 9192 --- [scheduling-1] c.e.demojpa.scheduler.StatusScheduler    : StatusScheduler is running
2022-03-12 12:44:12.024  INFO 9192 --- [main] com.example.demojpa.DemoJpaApplication   : Started DemoJpaApplication in 3.229 seconds (JVM running for 4.146)
2022-03-12 12:44:36.125  INFO 9192 --- [http-nio-8086-exec-1] o.a.c.c.C.[Tomcat].[localhost].[/]       : Initializing Spring DispatcherServlet 'dispatcherServlet'
2022-03-12 12:44:36.126  INFO 9192 --- [http-nio-8086-exec-1] o.s.web.servlet.DispatcherServlet        : Initializing Servlet 'dispatcherServlet'
2022-03-12 12:44:36.127  INFO 9192 --- [http-nio-8086-exec-1] o.s.web.servlet.DispatcherServlet        : Completed initialization in 1 ms
2022-03-12 12:44:36.145  INFO 9192 --- [http-nio-8086-exec-1] c.e.demojpa.controller.PersonController  : Find by vkid
2022-03-12 12:44:40.487  INFO 9192 --- [http-nio-8086-exec-2] c.e.demojpa.controller.PersonController  : Find by vkid
2022-03-12 12:44:40.501  INFO 9192 --- [http-nio-8086-exec-3] c.e.demojpa.controller.PersonController  : Delete person
2022-03-12 12:44:41.716  INFO 9192 --- [http-nio-8086-exec-4] c.e.demojpa.controller.PersonController  : Find by vkid
2022-03-12 12:44:41.789  INFO 9192 --- [http-nio-8086-exec-5] c.e.demojpa.controller.PersonController  : Create person
2022-03-12 12:44:43.833  INFO 9192 --- [http-nio-8086-exec-6] c.e.demojpa.controller.PersonController  : Find by vkid
2022-03-12 12:44:43.844  INFO 9192 --- [http-nio-8086-exec-7] c.e.demojpa.controller.PersonController  : All Purpose vkid
2022-03-12 12:44:45.138  INFO 9192 --- [http-nio-8086-exec-8] c.e.demojpa.controller.PersonController  : Find by vkid
2022-03-12 12:44:53.972  INFO 9192 --- [http-nio-8086-exec-9] c.e.demojpa.controller.PersonController  : Find by vkid
2022-03-12 12:44:53.987  INFO 9192 --- [http-nio-8086-exec-10] c.e.d.controller.PurposeController       : Create bot purpose
2022-03-12 12:44:57.033  INFO 9192 --- [http-nio-8086-exec-1] c.e.demojpa.controller.PersonController  : Find by vkid
2022-03-12 12:44:57.046  INFO 9192 --- [http-nio-8086-exec-2] c.e.demojpa.controller.PersonController  : All Purpose vkid
2022-03-12 12:45:09.208  INFO 9192 --- [http-nio-8086-exec-3] c.e.demojpa.controller.PersonController  : Find by vkid
2022-03-12 12:45:12.021  INFO 9192 --- [scheduling-1] c.e.demojpa.scheduler.StatusScheduler    : StatusScheduler is running
2022-03-12 12:45:16.385  INFO 9192 --- [http-nio-8086-exec-4] c.e.demojpa.controller.PersonController  : Find by vkid
2022-03-12 12:45:19.933  INFO 9192 --- [http-nio-8086-exec-5] c.e.demojpa.controller.PersonController  : Find by vkid
2022-03-12 12:45:19.944  INFO 9192 --- [http-nio-8086-exec-6] c.e.demojpa.controller.PersonController  : Delete person
2022-03-12 12:45:21.195  INFO 9192 --- [http-nio-8086-exec-7] c.e.demojpa.controller.PersonController  : Find by vkid
2022-03-12 12:45:21.203  INFO 9192 --- [http-nio-8086-exec-8] c.e.demojpa.controller.PersonController  : Create person
2022-03-12 12:45:22.620  INFO 9192 --- [http-nio-8086-exec-9] c.e.demojpa.controller.PersonController  : Find by vkid
2022-03-12 12:45:34.986  INFO 9192 --- [http-nio-8086-exec-10] c.e.demojpa.controller.PersonController  : Find by vkid
2022-03-12 12:45:34.994  INFO 9192 --- [http-nio-8086-exec-1] c.e.d.controller.PurposeController       : Create bot purpose
2022-03-12 12:45:36.476  INFO 9192 --- [http-nio-8086-exec-2] c.e.demojpa.controller.PersonController  : Find by vkid
2022-03-12 12:45:46.597  INFO 9192 --- [http-nio-8086-exec-3] c.e.demojpa.controller.PersonController  : Find by vkid
2022-03-12 12:45:46.610  INFO 9192 --- [http-nio-8086-exec-4] c.e.d.controller.PurposeController       : Create bot purpose
2022-03-12 12:45:56.973  INFO 9192 --- [http-nio-8086-exec-5] c.e.demojpa.controller.PersonController  : Find by vkid
2022-03-12 12:45:56.979  INFO 9192 --- [http-nio-8086-exec-6] c.e.demojpa.controller.PersonController  : All Purpose vkid
2022-03-12 12:46:12.022  INFO 9192 --- [scheduling-1] c.e.demojpa.scheduler.StatusScheduler    : StatusScheduler is running
2022-03-12 12:46:16.697  INFO 9192 --- [http-nio-8086-exec-7] c.e.demojpa.controller.PersonController  : Find by vkid
2022-03-12 12:46:16.715  INFO 9192 --- [http-nio-8086-exec-8] c.e.d.controller.PurposeController       : To change status purpose
2022-03-12 12:46:18.715  INFO 9192 --- [http-nio-8086-exec-9] c.e.demojpa.controller.PersonController  : Find by vkid
2022-03-12 12:46:18.727  INFO 9192 --- [http-nio-8086-exec-10] c.e.demojpa.controller.PersonController  : All Purpose vkid
2022-03-12 12:47:12.020  INFO 9192 --- [scheduling-1] c.e.demojpa.scheduler.StatusScheduler    : StatusScheduler is running
2022-03-12 12:47:23.314  INFO 9192 --- [http-nio-8086-exec-2] c.e.demojpa.controller.PersonController  : Find by vkid
2022-03-12 12:47:23.322  INFO 9192 --- [http-nio-8086-exec-3] c.e.d.controller.PurposeController       : To change time purpose
2022-03-12 12:47:25.737  INFO 9192 --- [http-nio-8086-exec-4] c.e.demojpa.controller.PersonController  : Find by vkid
2022-03-12 12:47:25.743  INFO 9192 --- [http-nio-8086-exec-5] c.e.demojpa.controller.PersonController  : All Purpose vkid
2022-03-12 12:47:27.902  INFO 9192 --- [http-nio-8086-exec-6] c.e.demojpa.controller.PersonController  : Find by vkid
2022-03-12 12:47:27.909  INFO 9192 --- [http-nio-8086-exec-7] c.e.demojpa.controller.PersonController  : Delete person
2022-03-12 12:47:29.104  INFO 9192 --- [http-nio-8086-exec-8] c.e.demojpa.controller.PersonController  : Find by vkid
2022-03-12 12:47:29.114  INFO 9192 --- [http-nio-8086-exec-9] c.e.demojpa.controller.PersonController  : Create person
2022-03-12 12:48:12.021  INFO 9192 --- [scheduling-1] c.e.demojpa.scheduler.StatusScheduler    : StatusScheduler is running
